dpkg-deb: building package 'cbus-testbed' in 'cbus-testbed-0.1.0-linux-6.6-armhf.deb'.
epm: Product names should only contain letters and numbers!
ESP Package Manager (EPM) v5.0.0
Copyright (c) 1999-2020 by Michael R Sweet.
Copyright (c) 2020 by Jim Jagielski.
Apache OpenOffice compatible
  url: https://github.com/jimjag/epm/

EPM is free software and comes with ABSOLUTELY NO WARRANTY; for details
see the Apache License version 2.0 in the file LICENSE or at
"https://www.apache.org/licenses/LICENSE-2.0".  Report all problems to
"https://github.com/jimjag/epm/issues".

Searching for product information...
Stripping executables in distribution...
/usr/bin/strip /mnt/RPiSSD0/Work/cbus-testbed/target/arm-unknown-linux-gnueabihf/release/cbus-tb
Creating Debian cbus-testbed-0.1.0-linux-6.6-armhf distribution...
Creating control file...
Creating postinst script...
Creating prerm script...
Creating postrm script...
Creating conffiles...
Copying temporary distribution files...
Directory /mnt/RPiSSD0/Work/cbus-testbed/package/cbus-testbed-0.1.0-linux-6.6-armhf/etc...
Directory /mnt/RPiSSD0/Work/cbus-testbed/package/cbus-testbed-0.1.0-linux-6.6-armhf/etc/logrotate.d...
/mnt/RPiSSD0/Work/cbus-testbed/package/cbus-tb.logrotate -> /mnt/RPiSSD0/Work/cbus-testbed/package/cbus-testbed-0.1.0-linux-6.6-armhf/etc/logrotate.d/cbus-tb...
Directory /mnt/RPiSSD0/Work/cbus-testbed/package/cbus-testbed-0.1.0-linux-6.6-armhf/etc/systemd...
Directory /mnt/RPiSSD0/Work/cbus-testbed/package/cbus-testbed-0.1.0-linux-6.6-armhf/etc/systemd/system...
Directory /mnt/RPiSSD0/Work/cbus-testbed/package/cbus-testbed-0.1.0-linux-6.6-armhf/etc/systemd/system/cbus-tb.service.d...
/mnt/RPiSSD0/Work/cbus-testbed/package/cbus-tb.conf -> /mnt/RPiSSD0/Work/cbus-testbed/package/cbus-testbed-0.1.0-linux-6.6-armhf/etc/systemd/system/cbus-tb.service.d/cbus-tb.conf...
Directory /mnt/RPiSSD0/Work/cbus-testbed/package/cbus-testbed-0.1.0-linux-6.6-armhf/usr...
Directory /mnt/RPiSSD0/Work/cbus-testbed/package/cbus-testbed-0.1.0-linux-6.6-armhf/usr/lib...
Directory /mnt/RPiSSD0/Work/cbus-testbed/package/cbus-testbed-0.1.0-linux-6.6-armhf/usr/lib/systemd...
Directory /mnt/RPiSSD0/Work/cbus-testbed/package/cbus-testbed-0.1.0-linux-6.6-armhf/usr/lib/systemd/system...
/mnt/RPiSSD0/Work/cbus-testbed/package/cbus-tb.service -> /mnt/RPiSSD0/Work/cbus-testbed/package/cbus-testbed-0.1.0-linux-6.6-armhf/usr/lib/systemd/system/cbus-tb.service...
Directory /mnt/RPiSSD0/Work/cbus-testbed/package/cbus-testbed-0.1.0-linux-6.6-armhf/usr/local...
Directory /mnt/RPiSSD0/Work/cbus-testbed/package/cbus-testbed-0.1.0-linux-6.6-armhf/usr/local/bin...
/mnt/RPiSSD0/Work/cbus-testbed/target/arm-unknown-linux-gnueabihf/release/cbus-tb -> /mnt/RPiSSD0/Work/cbus-testbed/package/cbus-testbed-0.1.0-linux-6.6-armhf/usr/local/bin/cbus-tb...
Directory /mnt/RPiSSD0/Work/cbus-testbed/package/cbus-testbed-0.1.0-linux-6.6-armhf/usr/local/etc...
Directory /mnt/RPiSSD0/Work/cbus-testbed/package/cbus-testbed-0.1.0-linux-6.6-armhf/usr/local/etc/cbus-tb...
Directory /mnt/RPiSSD0/Work/cbus-testbed/package/cbus-testbed-0.1.0-linux-6.6-armhf/usr/local/etc/cbus-tb/dist...
/mnt/RPiSSD0/Work/cbus-testbed/dist/frontend-d1f52f2d47ddc352.js -> /mnt/RPiSSD0/Work/cbus-testbed/package/cbus-testbed-0.1.0-linux-6.6-armhf/usr/local/etc/cbus-tb/dist/frontend-d1f52f2d47ddc352.js...
/mnt/RPiSSD0/Work/cbus-testbed/dist/frontend-d1f52f2d47ddc352_bg.wasm -> /mnt/RPiSSD0/Work/cbus-testbed/package/cbus-testbed-0.1.0-linux-6.6-armhf/usr/local/etc/cbus-tb/dist/frontend-d1f52f2d47ddc352_bg.wasm...
/mnt/RPiSSD0/Work/cbus-testbed/dist/index.html -> /mnt/RPiSSD0/Work/cbus-testbed/package/cbus-testbed-0.1.0-linux-6.6-armhf/usr/local/etc/cbus-tb/dist/index.html...
Directory /mnt/RPiSSD0/Work/cbus-testbed/package/cbus-testbed-0.1.0-linux-6.6-armhf/var...
Directory /mnt/RPiSSD0/Work/cbus-testbed/package/cbus-testbed-0.1.0-linux-6.6-armhf/var/log...
Directory /mnt/RPiSSD0/Work/cbus-testbed/package/cbus-testbed-0.1.0-linux-6.6-armhf/var/log/cbus-tb...
Building Debian cbus-testbed-0.1.0-linux-6.6-armhf binary distribution...
dpkg --build cbus-testbed-0.1.0-linux-6.6-armhf
Removing temporary cbus-testbed-0.1.0-linux-6.6-armhf distribution files...
/mnt/RPiSSD0/Work/cbus-testbed/package/cbus-testbed-0.1.0-linux-6.6-armhf/DEBIAN
/mnt/RPiSSD0/Work/cbus-testbed/package/cbus-testbed-0.1.0-linux-6.6-armhf/DEBIAN/prerm
/mnt/RPiSSD0/Work/cbus-testbed/package/cbus-testbed-0.1.0-linux-6.6-armhf/DEBIAN/conffiles
/mnt/RPiSSD0/Work/cbus-testbed/package/cbus-testbed-0.1.0-linux-6.6-armhf/DEBIAN/postinst
/mnt/RPiSSD0/Work/cbus-testbed/package/cbus-testbed-0.1.0-linux-6.6-armhf/DEBIAN/control
/mnt/RPiSSD0/Work/cbus-testbed/package/cbus-testbed-0.1.0-linux-6.6-armhf/DEBIAN/postrm
/mnt/RPiSSD0/Work/cbus-testbed/package/cbus-testbed-0.1.0-linux-6.6-armhf/etc
/mnt/RPiSSD0/Work/cbus-testbed/package/cbus-testbed-0.1.0-linux-6.6-armhf/etc/systemd
/mnt/RPiSSD0/Work/cbus-testbed/package/cbus-testbed-0.1.0-linux-6.6-armhf/etc/systemd/system
/mnt/RPiSSD0/Work/cbus-testbed/package/cbus-testbed-0.1.0-linux-6.6-armhf/etc/systemd/system/cbus-tb.service.d
/mnt/RPiSSD0/Work/cbus-testbed/package/cbus-testbed-0.1.0-linux-6.6-armhf/etc/systemd/system/cbus-tb.service.d/cbus-tb.conf
/mnt/RPiSSD0/Work/cbus-testbed/package/cbus-testbed-0.1.0-linux-6.6-armhf/etc/logrotate.d
/mnt/RPiSSD0/Work/cbus-testbed/package/cbus-testbed-0.1.0-linux-6.6-armhf/etc/logrotate.d/cbus-tb
/mnt/RPiSSD0/Work/cbus-testbed/package/cbus-testbed-0.1.0-linux-6.6-armhf/var
/mnt/RPiSSD0/Work/cbus-testbed/package/cbus-testbed-0.1.0-linux-6.6-armhf/var/log
/mnt/RPiSSD0/Work/cbus-testbed/package/cbus-testbed-0.1.0-linux-6.6-armhf/var/log/cbus-tb
/mnt/RPiSSD0/Work/cbus-testbed/package/cbus-testbed-0.1.0-linux-6.6-armhf/usr
/mnt/RPiSSD0/Work/cbus-testbed/package/cbus-testbed-0.1.0-linux-6.6-armhf/usr/local
/mnt/RPiSSD0/Work/cbus-testbed/package/cbus-testbed-0.1.0-linux-6.6-armhf/usr/local/bin
/mnt/RPiSSD0/Work/cbus-testbed/package/cbus-testbed-0.1.0-linux-6.6-armhf/usr/local/bin/cbus-tb
/mnt/RPiSSD0/Work/cbus-testbed/package/cbus-testbed-0.1.0-linux-6.6-armhf/usr/local/etc
/mnt/RPiSSD0/Work/cbus-testbed/package/cbus-testbed-0.1.0-linux-6.6-armhf/usr/local/etc/cbus-tb
/mnt/RPiSSD0/Work/cbus-testbed/package/cbus-testbed-0.1.0-linux-6.6-armhf/usr/local/etc/cbus-tb/dist
/mnt/RPiSSD0/Work/cbus-testbed/package/cbus-testbed-0.1.0-linux-6.6-armhf/usr/local/etc/cbus-tb/dist/frontend-d1f52f2d47ddc352_bg.wasm
/mnt/RPiSSD0/Work/cbus-testbed/package/cbus-testbed-0.1.0-linux-6.6-armhf/usr/local/etc/cbus-tb/dist/frontend-d1f52f2d47ddc352.js
/mnt/RPiSSD0/Work/cbus-testbed/package/cbus-testbed-0.1.0-linux-6.6-armhf/usr/local/etc/cbus-tb/dist/index.html
/mnt/RPiSSD0/Work/cbus-testbed/package/cbus-testbed-0.1.0-linux-6.6-armhf/usr/lib
/mnt/RPiSSD0/Work/cbus-testbed/package/cbus-testbed-0.1.0-linux-6.6-armhf/usr/lib/systemd
/mnt/RPiSSD0/Work/cbus-testbed/package/cbus-testbed-0.1.0-linux-6.6-armhf/usr/lib/systemd/system
/mnt/RPiSSD0/Work/cbus-testbed/package/cbus-testbed-0.1.0-linux-6.6-armhf/usr/lib/systemd/system/cbus-tb.service
Done!
