epm: Product names should only contain letters and numbers!
ESP Package Manager (EPM) v5.0.0
Copyright (c) 1999-2020 by Michael R Sweet.
Copyright (c) 2020 by Jim Jagielski.
Apache OpenOffice compatible
  url: https://github.com/jimjag/epm/

EPM is free software and comes with ABSOLUTELY NO WARRANTY; for details
see the Apache License version 2.0 in the file LICENSE or at
"https://www.apache.org/licenses/LICENSE-2.0".  Report all problems to
"https://github.com/jimjag/epm/issues".

Searching for product information...
Stripping executables in distribution...
/usr/bin/strip /mnt/RPiSSD0/Work/cbus-testbed/target/arm-unknown-linux-gnueabihf/release/cbus-tb
Creating PORTABLE distribution...
Copying cbus-testbed license and readme files...
Creating non-shared software distribution file...
Directory /etc...
Directory /etc/logrotate.d...
/mnt/RPiSSD0/Work/cbus-testbed/package/cbus-tb.logrotate -> /etc/logrotate.d/cbus-tb...
Directory /etc/systemd...
Directory /etc/systemd/system...
Directory /etc/systemd/system/cbus-tb.service.d...
/mnt/RPiSSD0/Work/cbus-testbed/package/cbus-tb.conf -> /etc/systemd/system/cbus-tb.service.d/cbus-tb.conf...
Directory /var...
Directory /var/log...
Directory /var/log/cbus-tb...
Creating shared software distribution file...
/usr...
/usr/lib...
/usr/lib/systemd...
/usr/lib/systemd/system...
/mnt/RPiSSD0/Work/cbus-testbed/package/cbus-tb.service -> /usr/lib/systemd/system/cbus-tb.service...
/usr/local...
/usr/local/bin...
/mnt/RPiSSD0/Work/cbus-testbed/target/arm-unknown-linux-gnueabihf/release/cbus-tb -> /usr/local/bin/cbus-tb...
/usr/local/etc...
/usr/local/etc/cbus-tb...
/usr/local/etc/cbus-tb/dist...
/mnt/RPiSSD0/Work/cbus-testbed/dist/frontend-d1f52f2d47ddc352.js -> /usr/local/etc/cbus-tb/dist/frontend-d1f52f2d47ddc352.js...
/mnt/RPiSSD0/Work/cbus-testbed/dist/frontend-d1f52f2d47ddc352_bg.wasm -> /usr/local/etc/cbus-tb/dist/frontend-d1f52f2d47ddc352_bg.wasm...
/mnt/RPiSSD0/Work/cbus-testbed/dist/index.html -> /usr/local/etc/cbus-tb/dist/index.html...
Writing installation script...
Writing removal script...
Writing distribution archive:
         12k cbus-testbed.install
          2k cbus-testbed.license
          2k cbus-testbed.readme
          5k cbus-testbed.remove
       1851k cbus-testbed.ss
          1k cbus-testbed.sw
     ------- ----------------------------------------
       1871k cbus-testbed-0.1.0-linux-6.6-armhf.tar
     ------- ----------------------------------------
       1843k /mnt/RPiSSD0/Work/cbus-testbed/package/cbus-testbed-0.1.0-linux-6.6-armhf.tar.gz
Removing cbus-testbed temporary files...
Done!
